<?xml version="1.0" encoding="UTF-8"?>
<testng-results skipped="0" failed="0" ignored="0" total="6" passed="6">
  <reporter-output>
  </reporter-output>
  <suite name="Suite" duration-ms="67" started-at="2019-07-19T19:15:42Z" finished-at="2019-07-19T19:15:42Z">
    <groups>
    </groups>
    <test name="Test" duration-ms="67" started-at="2019-07-19T19:15:42Z" finished-at="2019-07-19T19:15:42Z">
      <class name="qaclickacademy.AppiumTest">
        <test-method status="PASS" signature="IosApp()[pri:0, instance:qaclickacademy.AppiumTest@2cb4c3ab]" name="IosApp" duration-ms="0" started-at="2019-07-19T19:15:42Z" finished-at="2019-07-19T19:15:42Z">
          <reporter-output>
          </reporter-output>
        </test-method> <!-- IosApp -->
        <test-method status="PASS" signature="NativeAppAndroid()[pri:0, instance:qaclickacademy.AppiumTest@2cb4c3ab]" name="NativeAppAndroid" duration-ms="0" started-at="2019-07-19T19:15:42Z" finished-at="2019-07-19T19:15:42Z">
          <reporter-output>
          </reporter-output>
        </test-method> <!-- NativeAppAndroid -->
      </class> <!-- qaclickacademy.AppiumTest -->
      <class name="qaclickacademy.RestAPITest">
        <test-method status="PASS" signature="PostJira()[pri:0, instance:qaclickacademy.RestAPITest@50f8360d]" name="PostJira" duration-ms="11" started-at="2019-07-19T19:15:42Z" finished-at="2019-07-19T19:15:42Z">
          <reporter-output>
          </reporter-output>
        </test-method> <!-- PostJira -->
        <test-method status="PASS" signature="deleteTwitter()[pri:0, instance:qaclickacademy.RestAPITest@50f8360d]" name="deleteTwitter" duration-ms="0" started-at="2019-07-19T19:15:42Z" finished-at="2019-07-19T19:15:42Z">
          <reporter-output>
          </reporter-output>
        </test-method> <!-- deleteTwitter -->
      </class> <!-- qaclickacademy.RestAPITest -->
      <class name="qaclickacademy.SeleniumTest">
        <test-method status="PASS" signature="BrowserAutomation()[pri:0, instance:qaclickacademy.SeleniumTest@13c78c0b]" name="BrowserAutomation" duration-ms="0" started-at="2019-07-19T19:15:42Z" finished-at="2019-07-19T19:15:42Z">
          <reporter-output>
          </reporter-output>
        </test-method> <!-- BrowserAutomation -->
        <test-method status="PASS" signature="elementsUi()[pri:0, instance:qaclickacademy.SeleniumTest@13c78c0b]" name="elementsUi" duration-ms="0" started-at="2019-07-19T19:15:42Z" finished-at="2019-07-19T19:15:42Z">
          <reporter-output>
          </reporter-output>
        </test-method> <!-- elementsUi -->
      </class> <!-- qaclickacademy.SeleniumTest -->
    </test> <!-- Test -->
  </suite> <!-- Suite -->
</testng-results>
