<?xml version="1.0" encoding="UTF-8"?>
<testng-results skipped="0" failed="0" ignored="0" total="6" passed="6">
  <reporter-output>
  </reporter-output>
  <suite name="Default suite" duration-ms="53" started-at="2019-07-19T12:47:28Z" finished-at="2019-07-19T12:47:28Z">
    <groups>
    </groups>
    <test name="Default test" duration-ms="53" started-at="2019-07-19T12:47:28Z" finished-at="2019-07-19T12:47:28Z">
      <class name="qaclickacademy.AppiumTest">
        <test-method status="PASS" signature="IosApp()[pri:0, instance:qaclickacademy.AppiumTest@239963d8]" name="IosApp" duration-ms="9" started-at="2019-07-19T12:47:28Z" finished-at="2019-07-19T12:47:28Z">
          <reporter-output>
          </reporter-output>
        </test-method> <!-- IosApp -->
        <test-method status="PASS" signature="NativeAppAndroid()[pri:0, instance:qaclickacademy.AppiumTest@239963d8]" name="NativeAppAndroid" duration-ms="1" started-at="2019-07-19T12:47:28Z" finished-at="2019-07-19T12:47:28Z">
          <reporter-output>
          </reporter-output>
        </test-method> <!-- NativeAppAndroid -->
      </class> <!-- qaclickacademy.AppiumTest -->
      <class name="qaclickacademy.RestAPITest">
        <test-method status="PASS" signature="PostJira()[pri:0, instance:qaclickacademy.RestAPITest@3abbfa04]" name="PostJira" duration-ms="2" started-at="2019-07-19T12:47:28Z" finished-at="2019-07-19T12:47:28Z">
          <reporter-output>
          </reporter-output>
        </test-method> <!-- PostJira -->
        <test-method status="PASS" signature="deleteTwitter()[pri:0, instance:qaclickacademy.RestAPITest@3abbfa04]" name="deleteTwitter" duration-ms="0" started-at="2019-07-19T12:47:28Z" finished-at="2019-07-19T12:47:28Z">
          <reporter-output>
          </reporter-output>
        </test-method> <!-- deleteTwitter -->
      </class> <!-- qaclickacademy.RestAPITest -->
      <class name="qaclickacademy.SeleniumTest">
        <test-method status="PASS" signature="BrowserAutomation()[pri:0, instance:qaclickacademy.SeleniumTest@57fffcd7]" name="BrowserAutomation" duration-ms="1" started-at="2019-07-19T12:47:28Z" finished-at="2019-07-19T12:47:28Z">
          <reporter-output>
          </reporter-output>
        </test-method> <!-- BrowserAutomation -->
        <test-method status="PASS" signature="elementsUi()[pri:0, instance:qaclickacademy.SeleniumTest@57fffcd7]" name="elementsUi" duration-ms="2" started-at="2019-07-19T12:47:28Z" finished-at="2019-07-19T12:47:28Z">
          <reporter-output>
          </reporter-output>
        </test-method> <!-- elementsUi -->
      </class> <!-- qaclickacademy.SeleniumTest -->
    </test> <!-- Default test -->
  </suite> <!-- Default suite -->
</testng-results>
